2026-05-18 14:22:09 - INFO - SYSINFO | UUID=MzA3NDdhNGMtMGY0MC00MTk2LWJkNGEtYzg4NjA0NzM3N2Y5 | Hostname=l82byx0eeyrp | Action=CREATED
2026-05-18 14:22:13 - INFO - SYSINFO | UUID=MzA3NDdhNGMtMGY0MC00MTk2LWJkNGEtYzg4NjA0NzM3N2Y5 | Hostname=L82BYX0EEYRP | Action=UPDATED
2026-05-18 14:23:40 - INFO - SYSINFO | UUID=YjQwNWFlOGUtNDRkOS00NmM4LWI3MGQtZDdmNTg2Mjc1OTQx | Hostname=WSVECZC11290CJ | Action=UPDATED
2026-05-18 14:25:52 - INFO - SYSINFO | UUID=MmFjMGI1MmItYzZhYy00ZDc3LTk5NmQtZDYxYjA0MTQzMmY5 | Hostname=LSVE4B800247 | Action=UPDATED
2026-05-18 14:26:16 - INFO - SYSINFO | UUID=ZGZmMDk5YTMtNWMzMC00OGUxLThhMTktN2FjMWI2OTMyOWJh | Hostname=l82b11y00078 | Action=UPDATED
2026-05-18 14:26:19 - INFO - SYSINFO | UUID=ZGZmMDk5YTMtNWMzMC00OGUxLThhMTktN2FjMWI2OTMyOWJh | Hostname=L82B11Y00078 | Action=UPDATED
2026-05-18 14:26:50 - INFO - SYSINFO | UUID=YzRjY2Q4YzAtYTQyZC00MTliLTlkMjEtNzgwOGU3YTAxOTcz | Hostname=LSVE24Y00479 | Action=UPDATED
2026-05-18 14:28:14 - INFO - SYSINFO | UUID=MGQ0MmUyYTYtODI5Yi00NTgyLWJkMmQtYWY5MDUyMWFkOWFi | Hostname=SSVEISVM01 | Action=CREATED
2026-05-18 14:28:27 - INFO - SYSINFO | UUID=YWMyZjI0OTItZTMyOC00Mzc1LTlmMGYtN2Q4NjZmYjcyMDQz | Hostname=l82b5cd2078nrh | Action=CREATED
2026-05-18 14:28:31 - INFO - SYSINFO | UUID=YWMyZjI0OTItZTMyOC00Mzc1LTlmMGYtN2Q4NjZmYjcyMDQz | Hostname=L82B5CD2078NRH | Action=UPDATED
2026-05-18 14:29:14 - INFO - SYSINFO | UUID=MTU4M2M1NjYtNWZiOS00YmQ0LWI1YmYtODQ5MzEwYTFhNWU3 | Hostname=l82b22000056 | Action=CREATED
2026-05-18 14:29:16 - INFO - SYSINFO | UUID=YjRkMDU1YzAtNmVlYS00OGU0LTk3MTgtZGZlMjM0OGI0ZTk5 | Hostname=l82b5cg1400vrt | Action=CREATED
2026-05-18 14:29:18 - INFO - SYSINFO | UUID=MTU4M2M1NjYtNWZiOS00YmQ0LWI1YmYtODQ5MzEwYTFhNWU3 | Hostname=L82B22000056 | Action=UPDATED
2026-05-18 14:29:19 - INFO - SYSINFO | UUID=YjRkMDU1YzAtNmVlYS00OGU0LTk3MTgtZGZlMjM0OGI0ZTk5 | Hostname=L82B5CG1400VRT | Action=UPDATED
2026-05-18 14:29:49 - INFO - SYSINFO | UUID=YzIxYTE1NWUtYmY2ZC00Y2ZhLWE5ZjYtMzc2Y2FhZGJjNWZk | Hostname=l82b5cd2078nwh | Action=CREATED
2026-05-18 14:30:51 - INFO - SYSINFO | UUID=MGQ0MTU4NmEtY2ZjYy00NzJlLWI0OTUtZjk5ZTZmYmU1ZTAz | Hostname=l82b24000893 | Action=CREATED
2026-05-18 14:30:55 - INFO - SYSINFO | UUID=MGQ0MTU4NmEtY2ZjYy00NzJlLWI0OTUtZjk5ZTZmYmU1ZTAz | Hostname=L82B24000893 | Action=UPDATED
2026-05-18 14:31:52 - INFO - SYSINFO | UUID=MDk3NWVlMWQtYzM1Zi00Nzc3LThkY2UtYjZkOWRmN2VkNTE4 | Hostname=LSVEN022912C | Action=UPDATED
2026-05-18 14:32:05 - INFO - SYSINFO | UUID=YWZiM2M3MzktMzBlMS00NDg1LWE0NTMtMTMxYmY5YWRlZWQ0 | Hostname=LSVEYX0EEYRT | Action=UPDATED
2026-05-18 14:32:20 - INFO - SYSINFO | UUID=NzdkZTBmOTUtMjRkYy00MzYwLWJiNzMtZjhmN2NkNzk0NDMx | Hostname=l82b5cd2078nn5 | Action=CREATED
2026-05-18 14:32:24 - INFO - SYSINFO | UUID=NzdkZTBmOTUtMjRkYy00MzYwLWJiNzMtZjhmN2NkNzk0NDMx | Hostname=L82B5CD2078NN5 | Action=UPDATED
2026-05-18 14:32:55 - INFO - SYSINFO | UUID=NDliNzMzMjEtNTgwOC00ZjMyLWE1NzUtZDEyMDI2NzM2NmZm | Hostname=LSVE14000494 | Action=UPDATED
2026-05-18 14:33:00 - INFO - SYSINFO | UUID=NDlkZTYxOGEtMDA4MC00OWVmLWI0MGMtMWIyZWJkYjgzNmVj | Hostname=WSVE19103014 | Action=UPDATED
2026-05-18 14:33:39 - INFO - SYSINFO | UUID=MGMxZjdmNzYtZGNhOC00NTYzLWEzOWEtZjI5MzlkYjc3ZjVh | Hostname=LSVEN022886C | Action=UPDATED
2026-05-18 14:38:34 - INFO - SYSINFO | UUID=ZGZmMDk5YTMtNWMzMC00OGUxLThhMTktN2FjMWI2OTMyOWJh | Hostname=l82b11y00817 | Action=UPDATED
2026-05-18 14:38:38 - INFO - SYSINFO | UUID=ZGZmMDk5YTMtNWMzMC00OGUxLThhMTktN2FjMWI2OTMyOWJh | Hostname=L82B11Y00817 | Action=UPDATED
2026-05-18 14:39:49 - INFO - SYSINFO | UUID=ZDUzNGY3MTgtMGRmZi00OGQ0LWI1ZWYtN2Y4ZmU4YmE2YzJm | Hostname=l82b11y00023 | Action=CREATED
2026-05-18 14:39:53 - INFO - SYSINFO | UUID=ZDUzNGY3MTgtMGRmZi00OGQ0LWI1ZWYtN2Y4ZmU4YmE2YzJm | Hostname=L82B11Y00023 | Action=UPDATED
2026-05-18 14:42:58 - INFO - SYSINFO | UUID=YTU0MmM0N2UtYTEwMC00NjljLTg1YjYtOTMzMjIzOTg0ZjA4 | Hostname=WSVE19103297 | Action=UPDATED
2026-05-18 14:45:01 - INFO - SYSINFO | UUID=ZmM1NWVmMGYtMmZiOS00ZTg5LWEyODQtMjFjNzk0OTg5NzEz | Hostname=LSVE5CD2078NQR | Action=UPDATED
2026-05-18 14:45:35 - INFO - SYSINFO | UUID=Mzc4OWJjYjAtZWY2NS00ZjY3LThlMjktZmJiZDZiMzY2MjJm | Hostname=lsven022777c | Action=UPDATED
2026-05-18 14:45:45 - INFO - SYSINFO | UUID=ODQ2ZjkyNzMtN2NhYy00ZTA3LTkzNzctMzE5YjlmMjI2OTUx | Hostname=l82b11y00024 | Action=CREATED
2026-05-18 14:45:47 - INFO - SYSINFO | UUID=ZjEzYmI0YzMtNmZmYy00MDhmLThiY2YtNWEwMjQ1ZjBhYTRk | Hostname=l82bsyx0eeysc | Action=CREATED
2026-05-18 14:45:49 - INFO - SYSINFO | UUID=ODQ2ZjkyNzMtN2NhYy00ZTA3LTkzNzctMzE5YjlmMjI2OTUx | Hostname=L82B11Y00024 | Action=UPDATED
2026-05-18 14:45:50 - INFO - SYSINFO | UUID=ZjEzYmI0YzMtNmZmYy00MDhmLThiY2YtNWEwMjQ1ZjBhYTRk | Hostname=L82BSYX0EEYSC | Action=UPDATED
2026-05-18 14:46:16 - INFO - SYSINFO | UUID=Y2E4Y2JjOGEtYzM2NS00NThmLTlhYzgtNjc2MGViMTQ2ZWY5 | Hostname=l82b11y00343 | Action=UPDATED
2026-05-18 14:46:20 - INFO - SYSINFO | UUID=Y2E4Y2JjOGEtYzM2NS00NThmLTlhYzgtNjc2MGViMTQ2ZWY5 | Hostname=L82B11Y00343 | Action=UPDATED
2026-05-18 14:47:24 - INFO - SYSINFO | UUID=Mzc4OWJjYjAtZWY2NS00ZjY3LThlMjktZmJiZDZiMzY2MjJm | Hostname=lsven022777c | Action=UPDATED
2026-05-18 14:48:03 - INFO - SYSINFO | UUID=Y2E4Y2JjOGEtYzM2NS00NThmLTlhYzgtNjc2MGViMTQ2ZWY5 | Hostname=l82b24y00505 | Action=UPDATED
2026-05-18 14:48:07 - INFO - SYSINFO | UUID=Y2E4Y2JjOGEtYzM2NS00NThmLTlhYzgtNjc2MGViMTQ2ZWY5 | Hostname=L82B24Y00505 | Action=UPDATED
2026-05-18 14:51:37 - INFO - SYSINFO | UUID=ZDUzNGY3MTgtMGRmZi00OGQ0LWI1ZWYtN2Y4ZmU4YmE2YzJm | Hostname=l82b11y00023 | Action=UPDATED
2026-05-18 14:51:46 - INFO - SYSINFO | UUID=OWZhYWIzNzctMzE1NS00ZmUxLTlkYTktYTgzMWEyOGRlMTJl | Hostname=l82b11y00679 | Action=CREATED
2026-05-18 14:51:49 - INFO - SYSINFO | UUID=OWZhYWIzNzctMzE1NS00ZmUxLTlkYTktYTgzMWEyOGRlMTJl | Hostname=L82B11Y00679 | Action=UPDATED
2026-05-18 14:53:09 - INFO - SYSINFO | UUID=ZTYyNTdkNDctNzA0YS00ZDdiLWJiYjQtMDE2Yzc0MmY3M2E3 | Hostname=l82b14000496 | Action=CREATED
2026-05-18 14:53:13 - INFO - SYSINFO | UUID=ZTYyNTdkNDctNzA0YS00ZDdiLWJiYjQtMDE2Yzc0MmY3M2E3 | Hostname=L82B14000496 | Action=UPDATED
2026-05-18 14:53:24 - INFO - SYSINFO | UUID=ZTNhMzQ4YzEtYjUxNi00NDQxLWJiNDMtMWYxYTkzNDMyYTFm | Hostname=l82bn022619c | Action=CREATED
2026-05-18 14:53:28 - INFO - SYSINFO | UUID=ZTNhMzQ4YzEtYjUxNi00NDQxLWJiNDMtMWYxYTkzNDMyYTFm | Hostname=L82BN022619C | Action=UPDATED
2026-05-18 14:57:30 - INFO - SYSINFO | UUID=YWY4OWMwYWUtMTg1ZS00MWQ3LThiNjUtMzgyNmEzYzhhZDVi | Hostname=l82b14000508 | Action=CREATED
2026-05-18 14:57:34 - INFO - SYSINFO | UUID=YWY4OWMwYWUtMTg1ZS00MWQ3LThiNjUtMzgyNmEzYzhhZDVi | Hostname=L82B14000508 | Action=UPDATED
2026-05-18 14:59:20 - INFO - SYSINFO | UUID=ODVlZmQ3MGUtMTcxZi00ODhiLThmYTMtMTc0YmQxM2FkNWNi | Hostname=l82b11y00034 | Action=CREATED
2026-05-18 14:59:24 - INFO - SYSINFO | UUID=ODVlZmQ3MGUtMTcxZi00ODhiLThmYTMtMTc0YmQxM2FkNWNi | Hostname=L82B11Y00034 | Action=UPDATED
